----------------------------------------
Begin Torque Prologue on nid25358
at Sun Dec  1 19:14:07 CST 2019
Job Id:			10655351.bw
Username:		tra355
Group:			TRAIN_bayw
Job name:		project
Requested resources:	nodes=01:ppn=16:xk,walltime=08:00:00,neednodes=01:ppn=16:xk
Queue:			normal
Account:		bayw
End Torque Prologue:  0.147 elapsed
----------------------------------------




Requirement already satisfied: pycocotools in /mnt/a/u/training/tra355/.local/lib/python3.5/site-packages (2.0.0)
loading annotations into memory...
Done (t=2.78s)
creating index...
index created!
loading annotations into memory...
Done (t=0.19s)
creating index...
index created!
Application 82312251 exit codes: 1
Application 82312251 resources: utime ~18s, stime ~25s, Rss ~1946532, inblocks ~522357, outblocks ~982
