----------------------------------------
Begin Torque Prologue on nid25434
at Sun Dec  1 19:05:45 CST 2019
Job Id:			10655344.bw
Username:		tra355
Group:			TRAIN_bayw
Job name:		project
Requested resources:	nodes=01:ppn=16:xk,walltime=08:00:00,neednodes=01:ppn=16:xk
Queue:			normal
Account:		bayw
End Torque Prologue:  0.108 elapsed
----------------------------------------




Requirement already satisfied: pycocotools in /mnt/a/u/training/tra355/.local/lib/python3.5/site-packages (2.0.0)
loading annotations into memory...
Done (t=2.77s)
creating index...
index created!
loading annotations into memory...
Done (t=0.19s)
creating index...
index created!
Application 82312180 exit codes: 1
Application 82312180 resources: utime ~14s, stime ~24s, Rss ~1920452, inblocks ~456340, outblocks ~984
