baselines 0.1.5 requires mpi4py, which is not installed.
baselines 0.1.5 requires progressbar2, which is not installed.
baselines 0.1.5 requires zmq, which is not installed.
pyamg 3.2.1 requires pytest>=2, which is not installed.
tensorflow 1.10.0 requires astor>=0.6.0, which is not installed.
tensorflow 1.10.0 requires gast>=0.2.0, which is not installed.
tensorflow 1.10.0 requires tensorboard<1.11.0,>=1.10.0, which is not installed.
tensorflow 1.10.0 requires termcolor>=1.1.0, which is not installed.
pycuda 2018.1 requires pytest>=2, which is not installed.
pyopencl 2017.2 requires pytest>=2, which is not installed.
globus-sdk 1.5.0 requires pyjwt[crypto]<2.0.0,>=1.5.3, which is not installed.
astropy 2.0.1 requires pytest>=2.8, which is not installed.
objgraph 3.1.0 requires graphviz, which is not installed.
peachpy 0.2.0 requires enum34, which is not installed.
pytest-cache 1.0 requires pytest>=2.2, which is not installed.
bokeh 0.12.6 requires bkcharts>=0.2, which is not installed.
wslink 0.1.4 requires autobahn, which is not installed.
enable 4.7.2 requires fonttools, which is not installed.
wxpython 4.0.2 requires PyPubSub, which is not installed.
jedi 0.12.0 has requirement parso>=0.2.0, but you'll have parso 0.1.1 which is incompatible.
globus-cli 1.7.0 has requirement jmespath==0.9.2, but you'll have jmespath 0.9.3 which is incompatible.
tensorflow 1.10.0 has requirement setuptools<=39.1.0, but you'll have setuptools 40.0.0 which is incompatible.
/mnt/bwpy/single/usr/lib/python3.5/site-packages/sklearn/base.py:311: UserWarning: Trying to unpickle estimator CountVectorizer from version 0.20.3 when using version 0.19.1. This might lead to breaking code or invalid results. Use at your own risk.
  UserWarning)
/mnt/bwpy/single/usr/lib/python3.5/site-packages/torch/nn/modules/rnn.py:38: UserWarning: dropout option adds dropout after all but last recurrent layer, so non-zero dropout expects num_layers greater than 1, but got dropout=0.3 and num_layers=1
  "num_layers={}".format(dropout, num_layers))
Epoch 0Training:   0% 0/3697 [00:00<?, ?it/s]Traceback (most recent call last):
  File "train.py", line 93, in <module>
    for i, (images, captions, lengths) in enumerate(pbar, 1):
  File "/mnt/bwpy/single/usr/lib/python3.5/site-packages/tqdm/_tqdm.py", line 979, in __iter__
    for obj in iterable:
  File "/mnt/bwpy/single/usr/lib/python3.5/site-packages/torch/utils/data/dataloader.py", line 336, in __next__
    return self._process_next_batch(batch)
  File "/mnt/bwpy/single/usr/lib/python3.5/site-packages/torch/utils/data/dataloader.py", line 357, in _process_next_batch
    raise batch.exc_type(batch.exc_msg)
TypeError: Traceback (most recent call last):
  File "/mnt/bwpy/single/usr/lib/python3.5/site-packages/torch/utils/data/dataloader.py", line 106, in _worker_loop
    samples = collate_fn([dataset[i] for i in batch_indices])
  File "/mnt/bwpy/single/usr/lib/python3.5/site-packages/torch/utils/data/dataloader.py", line 106, in <listcomp>
    samples = collate_fn([dataset[i] for i in batch_indices])
  File "/mnt/a/u/training/tra355/cs547_finalproject/dataset.py", line 21, in __getitem__
    rand_caption = captions[rand_cap_index]
TypeError: list indices must be integers or slices, not float


