----------------------------------------
Begin Torque Prologue on nid25425
at Thu Dec 12 15:10:33 CST 2019
Job Id:			10699455.bw
Username:		tra247
Group:			TRAIN_bayw
Job name:		train_entire_network
Requested resources:	nodes=01:ppn=16:xk,walltime=48:00:00,neednodes=01:ppn=16:xk
Queue:			normal
Account:		bayw
End Torque Prologue:  0.379 elapsed
----------------------------------------




loading annotations into memory...
Done (t=2.91s)
creating index...
index created!
loading annotations into memory...
Done (t=0.18s)
creating index...
index created!
Epoch [1/30]	Train Loss: 3.668 
Epoch [2/30]	Train Loss: 2.893 
Epoch [3/30]	Train Loss: 2.660 
Epoch [4/30]	Train Loss: 2.522 
Epoch [5/30]	Train Loss: 2.434 	Test Loss: 5.370
	Sample: man standing next to a street sign with a man in the background
	Target: 2 people a very tall person in a jacket and kilt and a short old man standing in the rain under a very small black umbrella on a city corner 
Epoch [6/30]	Train Loss: 2.365 
Epoch [7/30]	Train Loss: 2.307 
Epoch [8/30]	Train Loss: 2.261 
Epoch [9/30]	Train Loss: 2.214 
Epoch [10/30]	Train Loss: 2.182 	Test Loss: 5.566
	Sample: man riding a skateboard down a ramp
	Target: young person riding a skateboard at a skate park 
Epoch [11/30]	Train Loss: 2.149 
Epoch [12/30]	Train Loss: 2.119 
Epoch [13/30]	Train Loss: 2.095 
Epoch [14/30]	Train Loss: 2.069 
Epoch [15/30]	Train Loss: 2.045 	Test Loss: 5.610
	Sample: computer desk with a laptop computer and a laptop
	Target: young girl lying in a hospital room hooked up to machines 
Epoch [16/30]	Train Loss: 2.026 
Epoch [17/30]	Train Loss: 2.005 
Epoch [18/30]	Train Loss: 1.989 
Epoch [19/30]	Train Loss: 1.971 
Epoch [20/30]	Train Loss: 1.954 	Test Loss: 5.576
	Sample: man is holding a
	Target: man in bowler hat and lab coat by people in a tv frame 
Epoch [21/30]	Train Loss: 1.936 
Epoch [22/30]	Train Loss: 1.928 
Epoch [23/30]	Train Loss: 1.906 
Epoch [24/30]	Train Loss: 1.892 
Epoch [25/30]	Train Loss: 1.881 	Test Loss: 5.685
	Sample: street scene with a bicycle and a bike
	Target: town square that has a skateboarding ramp that a boy is using 
Epoch [26/30]	Train Loss: 1.863 
Epoch [27/30]	Train Loss: 1.850 
Epoch [28/30]	Train Loss: 1.839 
Epoch [29/30]	Train Loss: 1.828 
Epoch [30/30]	Train Loss: 1.817 	Test Loss: 5.790
	Sample: man is playing tennis on a court
	Target: man traveling up a stairway and another waling down the stairway on a phone 
Application 83075302 resources: utime ~61292s, stime ~11954s, Rss ~2039392, inblocks ~1142043537, outblocks ~32855991
